0 info it worked if it ends with ok
1 verbose cli [ '/usr/local/bin/node',
1 verbose cli   '/Users/edgarjoya/.node/bin/npm',
1 verbose cli   'owner',
1 verbose cli   'ls',
1 verbose cli   'serailport' ]
2 info using npm@3.5.3
3 info using node@v5.4.0
4 silly mapToRegistry name serailport
5 silly mapToRegistry using default registry
6 silly mapToRegistry registry https://registry.npmjs.org/
7 silly mapToRegistry uri https://registry.npmjs.org/serailport
8 verbose request uri https://registry.npmjs.org/serailport
9 verbose request no auth needed
10 info attempt registry request try #1 at 3:30:03 PM
11 verbose request using bearer token for auth
12 verbose request id 1be96e7df4672daa
13 http request GET https://registry.npmjs.org/serailport
14 http 404 https://registry.npmjs.org/serailport
15 verbose headers { 'content-type': 'application/json',
15 verbose headers   'cache-control': 'max-age=0',
15 verbose headers   'content-length': '2',
15 verbose headers   'accept-ranges': 'bytes',
15 verbose headers   date: 'Fri, 11 Nov 2016 20:30:04 GMT',
15 verbose headers   via: '1.1 varnish',
15 verbose headers   connection: 'keep-alive',
15 verbose headers   'x-served-by': 'cache-jfk8132-JFK',
15 verbose headers   'x-cache': 'MISS',
15 verbose headers   'x-cache-hits': '0',
15 verbose headers   'x-timer': 'S1478896203.734875,VS0,VE356',
15 verbose headers   vary: 'Accept-Encoding' }
16 silly get cb [ 404,
16 silly get   { 'content-type': 'application/json',
16 silly get     'cache-control': 'max-age=0',
16 silly get     'content-length': '2',
16 silly get     'accept-ranges': 'bytes',
16 silly get     date: 'Fri, 11 Nov 2016 20:30:04 GMT',
16 silly get     via: '1.1 varnish',
16 silly get     connection: 'keep-alive',
16 silly get     'x-served-by': 'cache-jfk8132-JFK',
16 silly get     'x-cache': 'MISS',
16 silly get     'x-cache-hits': '0',
16 silly get     'x-timer': 'S1478896203.734875,VS0,VE356',
16 silly get     vary: 'Accept-Encoding' } ]
17 error owner ls Couldn't get owner data serailport
18 verbose stack Error: Registry returned 404 for GET on https://registry.npmjs.org/serailport
18 verbose stack     at makeError (/Users/edgarjoya/.node/lib/node_modules/npm/node_modules/npm-registry-client/lib/request.js:264:12)
18 verbose stack     at CachingRegistryClient.<anonymous> (/Users/edgarjoya/.node/lib/node_modules/npm/node_modules/npm-registry-client/lib/request.js:242:14)
18 verbose stack     at Request._callback (/Users/edgarjoya/.node/lib/node_modules/npm/node_modules/npm-registry-client/lib/request.js:172:14)
18 verbose stack     at Request.self.callback (/Users/edgarjoya/.node/lib/node_modules/npm/node_modules/request/request.js:198:22)
18 verbose stack     at emitTwo (events.js:87:13)
18 verbose stack     at Request.emit (events.js:172:7)
18 verbose stack     at Request.<anonymous> (/Users/edgarjoya/.node/lib/node_modules/npm/node_modules/request/request.js:1035:10)
18 verbose stack     at emitOne (events.js:82:20)
18 verbose stack     at Request.emit (events.js:169:7)
18 verbose stack     at IncomingMessage.<anonymous> (/Users/edgarjoya/.node/lib/node_modules/npm/node_modules/request/request.js:962:12)
19 verbose statusCode 404
20 verbose pkgid serailport
21 verbose cwd /Users/edgarjoya/Documents/Local_Dev_Env/sc-hackathon-pi-pong
22 error Darwin 16.1.0
23 error argv "/usr/local/bin/node" "/Users/edgarjoya/.node/bin/npm" "owner" "ls" "serailport"
24 error node v5.4.0
25 error npm  v3.5.3
26 error code E404
27 error 404 Registry returned 404 for GET on https://registry.npmjs.org/serailport
28 error 404
29 error 404 'serailport' is not in the npm registry.
30 error 404 You should bug the author to publish it (or use the name yourself!)
31 error 404 Note that you can also install from a
32 error 404 tarball, folder, http url, or git url.
33 verbose exit [ 1, true ]
